MIP  has 68 rows; 54 cols; 376 nonzeros; 16 integer variables (4 binary)
Coefficient ranges:
  Matrix [8e-04, 2e+01]
  Cost   [1e+00, 1e+00]
  Bound  [1e+00, 2e+01]
  RHS    [3e-01, 2e+01]
Presolving model
68 rows, 53 cols, 376 nonzeros  0s
68 rows, 53 cols, 376 nonzeros  0s

Solving MIP model with:
   68 rows
   53 cols (4 binary, 12 integer, 0 implied int., 37 continuous)
   376 nonzeros

Src: B => Branching; C => Central rounding; F => Feasibility pump; H => Heuristic; L => Sub-MIP;
     P => Empty MIP; R => Randomized rounding; S => Solve LP; T => Evaluate node; U => Unbounded;
     z => Trivial zero; l => Trivial lower; u => Trivial upper; p => Trivial point; X => User solution

        Nodes      |    B&B Tree     |            Objective Bounds              |  Dynamic Constraints |       Work      
Src  Proc. InQueue |  Leaves   Expl. | BestBound       BestSol              Gap |   Cuts   InLp Confl. | LpIters     Time

         0       0         0   0.00%   7.729           -inf                 inf        0      0      0         0     0.0s
 R       0       0         0   0.00%   5.546666667     5.4525             1.73%        0      0      0        49     0.0s
 L       0       0         0   0.00%   5.521833333     5.475              0.86%      155     34      0        92     0.0s

6.2% inactive integer columns, restarting
Model after restart has 66 rows, 52 cols (5 bin., 10 int., 1 impl., 36 cont.), and 369 nonzeros

         0       0         0   0.00%   5.521833333     5.475              0.86%       11      0      0       106     0.0s

20.0% inactive integer columns, restarting
Model after restart has 60 rows, 42 cols (6 bin., 5 int., 0 impl., 31 cont.), and 314 nonzeros

         0       0         0   0.00%   5.521833333     5.475              0.86%        7      0      0       126     0.0s
         0       0         0   0.00%   5.521833333     5.475              0.86%        7      5      0       138     0.0s

9.1% inactive integer columns, restarting
Model after restart has 54 rows, 39 cols (5 bin., 5 int., 0 impl., 29 cont.), and 291 nonzeros

         0       0         0   0.00%   5.485384615     5.475              0.19%        8      0      0       160     0.0s
         0       0         0   0.00%   5.485384615     5.475              0.19%        8      7      0       175     0.0s
 L       0       0         0   0.00%   5.485384615     5.484              0.03%       22      9      0       181     0.0s
         1       0         1 100.00%   5.485384615     5.484              0.03%       17      9      0       184     0.0s

Solving report
  Status            Optimal
  Primal bound      5.484
  Dual bound        5.48538461538
  Gap               0.0252% (tolerance: 0.1%)
  P-D integral      0.000282548369339
  Solution status   feasible
                    5.484 (objective)
                    0 (bound viol.)
                    0 (int. viol.)
                    0 (row viol.)
  Timing            0.03 (total)
                    0.00 (presolve)
                    0.00 (solve)
                    0.00 (postsolve)
  Max sub-MIP depth 1
  Nodes             1
  Repair LPs        0 (0 feasible; 0 iterations)
  LP iterations     184 (total)
                    0 (strong br.)
                    68 (separation)
                    20 (heuristics)
