MIP  has 68 rows; 53 cols; 376 nonzeros; 16 integer variables (4 binary)
Coefficient ranges:
  Matrix [8e-04, 2e+01]
  Cost   [1e+00, 1e+00]
  Bound  [1e+00, 2e+01]
  RHS    [9e-01, 2e+01]
Presolving model
68 rows, 53 cols, 376 nonzeros  0s
68 rows, 53 cols, 376 nonzeros  0s

Solving MIP model with:
   68 rows
   53 cols (4 binary, 12 integer, 0 implied int., 37 continuous)
   376 nonzeros

Src: B => Branching; C => Central rounding; F => Feasibility pump; H => Heuristic; L => Sub-MIP;
     P => Empty MIP; R => Randomized rounding; S => Solve LP; T => Evaluate node; U => Unbounded;
     z => Trivial zero; l => Trivial lower; u => Trivial upper; p => Trivial point; X => User solution

        Nodes      |    B&B Tree     |            Objective Bounds              |  Dynamic Constraints |       Work      
Src  Proc. InQueue |  Leaves   Expl. | BestBound       BestSol              Gap |   Cuts   InLp Confl. | LpIters     Time

         0       0         0   0.00%   7.449           -inf                 inf        0      0      0         0     0.0s
         0       0         0   0.00%   6.581595239     -inf                 inf        0      0      2        45     0.0s
 R       0       0         0   0.00%   6.580279898     5.868             12.14%       21      1      2        46     0.0s
 L       0       0         0   0.00%   6.534734256     6.507              0.43%      192     30      8        87     0.0s
         1       0         1 100.00%   6.534734256     6.507              0.43%      192     30      8       101     0.0s

Solving report
  Status            Optimal
  Primal bound      6.507
  Dual bound        6.53473425596
  Gap               0.426% (tolerance: 5%)
  P-D integral      0.0015066718473
  Solution status   feasible
                    6.507 (objective)
                    0 (bound viol.)
                    0 (int. viol.)
                    0 (row viol.)
  Timing            0.02 (total)
                    0.00 (presolve)
                    0.00 (solve)
                    0.00 (postsolve)
  Max sub-MIP depth 1
  Nodes             1
  Repair LPs        0 (0 feasible; 0 iterations)
  LP iterations     101 (total)
                    0 (strong br.)
                    42 (separation)
                    14 (heuristics)
