MIP  has 13 rows; 25 cols; 61 nonzeros; 12 integer variables (0 binary)
Coefficient ranges:
  Matrix [7e-03, 4e+00]
  Cost   [1e+00, 1e+00]
  Bound  [1e+00, 2e+01]
  RHS    [8e+00, 2e+01]
Presolving model
9 rows, 21 cols, 45 nonzeros  0s
0 rows, 0 cols, 0 nonzeros  0s
Presolve: Optimal

Src: B => Branching; C => Central rounding; F => Feasibility pump; J => Feasibility jump;
     H => Heuristic; L => Sub-MIP; P => Empty MIP; R => Randomized rounding; Z => ZI Round;
     I => Shifting; S => Solve LP; T => Evaluate node; U => Unbounded; X => User solution;
     z => Trivial zero; l => Trivial lower; u => Trivial upper; p => Trivial point

        Nodes      |    B&B Tree     |            Objective Bounds              |  Dynamic Constraints |       Work      
Src  Proc. InQueue |  Leaves   Expl. | BestBound       BestSol              Gap |   Cuts   InLp Confl. | LpIters     Time

         0       0         0   0.00%   9               9                  0.00%        0      0      0         0     0.0s

Solving report
  Status            Optimal
  Primal bound      9
  Dual bound        9
  Gap               0% (tolerance: 0.01%)
  P-D integral      0
  Solution status   feasible
                    9 (objective)
                    0 (bound viol.)
                    0 (int. viol.)
                    0 (row viol.)
  Timing            0.00 (total)
                    0.00 (presolve)
                    0.00 (solve)
                    0.00 (postsolve)
  Max sub-MIP depth 0
  Nodes             0
  Repair LPs        0 (0 feasible; 0 iterations)
  LP iterations     0 (total)
                    0 (strong br.)
                    0 (separation)
                    0 (heuristics)
MIP  has 13 rows; 21 cols; 57 nonzeros; 12 integer variables (0 binary)
Coefficient ranges:
  Matrix [7e-03, 4e+00]
  Cost   [1e+00, 1e+00]
  Bound  [1e+00, 2e+01]
  RHS    [3e+00, 3e+00]
Presolving model
13 rows, 21 cols, 57 nonzeros  0s
13 rows, 21 cols, 57 nonzeros  0s

Solving MIP model with:
   13 rows
   21 cols (0 binary, 12 integer, 0 implied int., 9 continuous, 0 domain fixed)
   57 nonzeros

Src: B => Branching; C => Central rounding; F => Feasibility pump; J => Feasibility jump;
     H => Heuristic; L => Sub-MIP; P => Empty MIP; R => Randomized rounding; Z => ZI Round;
     I => Shifting; S => Solve LP; T => Evaluate node; U => Unbounded; X => User solution;
     z => Trivial zero; l => Trivial lower; u => Trivial upper; p => Trivial point

        Nodes      |    B&B Tree     |            Objective Bounds              |  Dynamic Constraints |       Work      
Src  Proc. InQueue |  Leaves   Expl. | BestBound       BestSol              Gap |   Cuts   InLp Confl. | LpIters     Time

 J       0       0         0   0.00%   inf             1                  Large        0      0      0         0     0.0s
 R       0       0         0   0.00%   8.145231608     7.632684211        6.72%        0      0      0        10     0.0s
 C       0       0         0   0.00%   8.1175          7.827833333        3.70%       53      7      0        26     0.0s
 L       0       0         0   0.00%   8.116           8.1125             0.04%       85     12      0        36     0.0s
         1       0         1 100.00%   8.1125          8.1125             0.00%      109     14     18        55     0.0s

Solving report
  Status            Optimal
  Primal bound      8.1125
  Dual bound        8.1125
  Gap               0% (tolerance: 0.01%)
  P-D integral      0.0140013496329
  Solution status   feasible
                    8.1125 (objective)
                    0 (bound viol.)
                    0 (int. viol.)
                    0 (row viol.)
  Timing            0.04 (total)
                    0.00 (presolve)
                    0.00 (solve)
                    0.00 (postsolve)
  Max sub-MIP depth 1
  Nodes             1
  Repair LPs        0 (0 feasible; 0 iterations)
  LP iterations     55 (total)
                    0 (strong br.)
                    35 (separation)
                    10 (heuristics)
