MIP  has 68 rows; 54 cols; 376 nonzeros; 16 integer variables (4 binary)
Coefficient ranges:
  Matrix [8e-04, 2e+01]
  Cost   [1e+00, 1e+03]
  Bound  [1e+00, 2e+01]
  RHS    [8e-01, 2e+01]
Presolving model
68 rows, 53 cols, 376 nonzeros  0s
68 rows, 53 cols, 376 nonzeros  0s

Solving MIP model with:
   68 rows
   53 cols (4 binary, 12 integer, 0 implied int., 37 continuous, 0 domain fixed)
   376 nonzeros

Src: B => Branching; C => Central rounding; F => Feasibility pump; J => Feasibility jump;
     H => Heuristic; L => Sub-MIP; P => Empty MIP; R => Randomized rounding; Z => ZI Round;
     I => Shifting; S => Solve LP; T => Evaluate node; U => Unbounded; X => User solution;
     z => Trivial zero; l => Trivial lower; u => Trivial upper; p => Trivial point

        Nodes      |    B&B Tree     |            Objective Bounds              |  Dynamic Constraints |       Work      
Src  Proc. InQueue |  Leaves   Expl. | BestBound       BestSol              Gap |   Cuts   InLp Confl. | LpIters     Time

         0       0         0   0.00%   7.785           -inf                 inf        0      0      0         0     0.0s
         0       0         0   0.00%   6.807029269     -inf                 inf        0      0      1        46     0.0s
 R       0       0         0   0.00%   6.764076477     6.740140556        0.36%       71     11      3        60     0.0s
         1       0         1 100.00%   6.762775856     6.740140556        0.34%       63     11      3        64     0.0s

Solving report
  Status            Optimal
  Primal bound      6.74014055594
  Dual bound        6.76277585633
  Gap               0.336% (tolerance: 5%)
  P-D integral      8.40540175334e-07
  Solution status   feasible
                    6.74014055594 (objective)
                    0 (bound viol.)
                    0 (int. viol.)
                    0 (row viol.)
  Timing            0.02 (total)
                    0.00 (presolve)
                    0.00 (solve)
                    0.00 (postsolve)
  Max sub-MIP depth 0
  Nodes             1
  Repair LPs        0 (0 feasible; 0 iterations)
  LP iterations     64 (total)
                    0 (strong br.)
                    14 (separation)
                    0 (heuristics)
