MIP  has 39 rows; 29 cols; 159 nonzeros; 9 integer variables (3 binary)
Coefficient ranges:
  Matrix [8e-02, 1e+02]
  Cost   [7e-01, 1e+00]
  Bound  [1e+00, 2e+01]
  RHS    [8e+00, 1e+02]
Presolving model
39 rows, 29 cols, 159 nonzeros  0s
38 rows, 29 cols, 156 nonzeros  0s

Solving MIP model with:
   38 rows
   29 cols (3 binary, 6 integer, 0 implied int., 20 continuous, 0 domain fixed)
   156 nonzeros

Src: B => Branching; C => Central rounding; F => Feasibility pump; J => Feasibility jump;
     H => Heuristic; L => Sub-MIP; P => Empty MIP; R => Randomized rounding; Z => ZI Round;
     I => Shifting; S => Solve LP; T => Evaluate node; U => Unbounded; X => User solution;
     z => Trivial zero; l => Trivial lower; u => Trivial upper; p => Trivial point

        Nodes      |    B&B Tree     |            Objective Bounds              |  Dynamic Constraints |       Work      
Src  Proc. InQueue |  Leaves   Expl. | BestBound       BestSol              Gap |   Cuts   InLp Confl. | LpIters     Time

 J       0       0         0   0.00%   inf             -0                 Large        0      0      0         0     0.0s
 R       0       0         0 100.00%   4               4                  0.00%        0      0      0         6     0.0s
         1       0         1 100.00%   4               4                  0.00%        0      0      0         6     0.0s

Solving report
  Status            Optimal
  Primal bound      4
  Dual bound        4
  Gap               0% (tolerance: 5%)
  P-D integral      0
  Solution status   feasible
                    4 (objective)
                    0 (bound viol.)
                    0 (int. viol.)
                    0 (row viol.)
  Timing            0.02 (total)
                    0.00 (presolve)
                    0.00 (solve)
                    0.00 (postsolve)
  Max sub-MIP depth 0
  Nodes             1
  Repair LPs        0 (0 feasible; 0 iterations)
  LP iterations     6 (total)
                    0 (strong br.)
                    0 (separation)
                    0 (heuristics)
