MIP  has 60 rows; 49 cols; 348 nonzeros; 12 integer variables (0 binary)
Coefficient ranges:
  Matrix [8e-04, 1e+00]
  Cost   [1e+00, 1e+00]
  Bound  [1e+00, 2e+01]
  RHS    [8e-01, 2e+01]
Presolving model
60 rows, 49 cols, 348 nonzeros  0s
60 rows, 49 cols, 348 nonzeros  0s

Solving MIP model with:
   60 rows
   49 cols (0 binary, 12 integer, 0 implied int., 37 continuous, 0 domain fixed)
   348 nonzeros

Src: B => Branching; C => Central rounding; F => Feasibility pump; J => Feasibility jump;
     H => Heuristic; L => Sub-MIP; P => Empty MIP; R => Randomized rounding; Z => ZI Round;
     I => Shifting; S => Solve LP; T => Evaluate node; U => Unbounded; X => User solution;
     z => Trivial zero; l => Trivial lower; u => Trivial upper; p => Trivial point

        Nodes      |    B&B Tree     |            Objective Bounds              |  Dynamic Constraints |       Work      
Src  Proc. InQueue |  Leaves   Expl. | BestBound       BestSol              Gap |   Cuts   InLp Confl. | LpIters     Time

         0       0         0   0.00%   7.449           -inf                 inf        0      0      0         0     0.0s
         0       0         0   0.00%   3.697777778     -inf                 inf        0      0      2        35     0.0s
 C       0       0         0   0.00%   3.535813785     2.63              34.44%       99     26      5        76     0.0s
 L       0       0         0   0.00%   3.364556442     3.212              4.75%      187     51      5       142     0.0s
         6       0         3 100.00%   3.212           3.212              0.00%      193     13     11       364     0.1s

Solving report
  Status            Optimal
  Primal bound      3.212
  Dual bound        3.212
  Gap               0% (tolerance: 0.01%)
  P-D integral      0.00844982516018
  Solution status   feasible
                    3.212 (objective)
                    0 (bound viol.)
                    0 (int. viol.)
                    0 (row viol.)
  Timing            0.10 (total)
                    0.00 (presolve)
                    0.00 (solve)
                    0.00 (postsolve)
  Max sub-MIP depth 2
  Nodes             6
  Repair LPs        0 (0 feasible; 0 iterations)
  LP iterations     364 (total)
                    83 (strong br.)
                    110 (separation)
                    102 (heuristics)
