MIP  has 68 rows; 53 cols; 376 nonzeros; 16 integer variables (4 binary)
Coefficient ranges:
  Matrix [8e-04, 2e+01]
  Cost   [1e+00, 1e+00]
  Bound  [1e+00, 2e+01]
  RHS    [8e-01, 2e+01]
Presolving model
68 rows, 53 cols, 376 nonzeros  0s
68 rows, 53 cols, 376 nonzeros  0s

Solving MIP model with:
   68 rows
   53 cols (4 binary, 12 integer, 0 implied int., 37 continuous, 0 domain fixed)
   376 nonzeros

Src: B => Branching; C => Central rounding; F => Feasibility pump; J => Feasibility jump;
     H => Heuristic; L => Sub-MIP; P => Empty MIP; R => Randomized rounding; Z => ZI Round;
     I => Shifting; S => Solve LP; T => Evaluate node; U => Unbounded; X => User solution;
     z => Trivial zero; l => Trivial lower; u => Trivial upper; p => Trivial point

        Nodes      |    B&B Tree     |            Objective Bounds              |  Dynamic Constraints |       Work      
Src  Proc. InQueue |  Leaves   Expl. | BestBound       BestSol              Gap |   Cuts   InLp Confl. | LpIters     Time

         0       0         0   0.00%   7.449           -inf                 inf        0      0      0         0     0.0s
         0       0         0   0.00%   3.697777778     -inf                 inf        0      0      2        44     0.0s
 C       0       0         0   0.00%   3.535603883     2.63              34.43%       99     24     11        71     0.0s
 L       0       0         0   0.00%   3.403763455     3.2                6.37%      230     50     11       149     0.0s

6.2% inactive integer columns, restarting
Model after restart has 64 rows, 51 cols (2 bin., 12 int., 2 impl., 35 cont., 0 dom.fix.), and 362 nonzeros

         0       0         0   0.00%   3.403763455     3.2                6.37%       16      0      0       163     0.0s
         0       0         0   0.00%   3.403698223     3.2                6.37%       16     12      2       196     0.1s
 L       0       0         0   0.00%   3.262974139     3.212              1.59%      294     63      2       319     0.1s
         1       0         1 100.00%   3.212           3.212              0.00%      279     10     19       503     0.1s

Solving report
  Status            Optimal
  Primal bound      3.212
  Dual bound        3.212
  Gap               0% (tolerance: 0.01%)
  P-D integral      0.0101010857573
  Solution status   feasible
                    3.212 (objective)
                    0 (bound viol.)
                    0 (int. viol.)
                    0 (row viol.)
  Timing            0.14 (total)
                    0.00 (presolve)
                    0.00 (solve)
                    0.00 (postsolve)
  Max sub-MIP depth 2
  Nodes             1
  Repair LPs        0 (0 feasible; 0 iterations)
  LP iterations     503 (total)
                    98 (strong br.)
                    227 (separation)
                    57 (heuristics)
