MIP  has 68 rows; 53 cols; 376 nonzeros; 16 integer variables (4 binary)
Coefficient ranges:
  Matrix [8e-04, 2e+01]
  Cost   [1e+00, 1e+00]
  Bound  [1e+00, 2e+01]
  RHS    [9e-01, 2e+01]
Presolving model
68 rows, 53 cols, 376 nonzeros  0s
68 rows, 53 cols, 376 nonzeros  0s

Solving MIP model with:
   68 rows
   53 cols (4 binary, 12 integer, 0 implied int., 37 continuous)
   376 nonzeros

Src: B => Branching; C => Central rounding; F => Feasibility pump; H => Heuristic; L => Sub-MIP;
     P => Empty MIP; R => Randomized rounding; S => Solve LP; T => Evaluate node; U => Unbounded;
     z => Trivial zero; l => Trivial lower; u => Trivial upper; p => Trivial point; X => User solution

        Nodes      |    B&B Tree     |            Objective Bounds              |  Dynamic Constraints |       Work      
Src  Proc. InQueue |  Leaves   Expl. | BestBound       BestSol              Gap |   Cuts   InLp Confl. | LpIters     Time

         0       0         0   0.00%   7.449           -inf                 inf        0      0      0         0     0.0s
 R       0       0         0   0.00%   6.581595239     0.864            661.76%        0      0      0        41     0.0s
 C       0       0         0   0.00%   6.54195907      5.868             11.49%       75     17      7        60     0.0s
 L       0       0         0   0.00%   6.53562668      6.5232             0.19%      186     33      7        87     0.0s
         1       0         1 100.00%   6.53562668      6.5232             0.19%      186     33      7       110     0.0s

Solving report
  Status            Optimal
  Primal bound      6.5232
  Dual bound        6.53562667989
  Gap               0.19% (tolerance: 5%)
  P-D integral      0.0333218963475
  Solution status   feasible
                    6.5232 (objective)
                    0 (bound viol.)
                    8.881784197e-16 (int. viol.)
                    0 (row viol.)
  Timing            0.03 (total)
                    0.00 (presolve)
                    0.00 (solve)
                    0.00 (postsolve)
  Max sub-MIP depth 1
  Nodes             1
  Repair LPs        0 (0 feasible; 0 iterations)
  LP iterations     110 (total)
                    0 (strong br.)
                    46 (separation)
                    23 (heuristics)
