MIP  has 60 rows; 49 cols; 348 nonzeros; 12 integer variables (0 binary)
Coefficient ranges:
  Matrix [8e-04, 1e+00]
  Cost   [1e+00, 1e+00]
  Bound  [1e+00, 2e+01]
  RHS    [9e-01, 4e+01]
Presolving model
60 rows, 49 cols, 348 nonzeros  0s
60 rows, 49 cols, 348 nonzeros  0s

Solving MIP model with:
   60 rows
   49 cols (0 binary, 12 integer, 0 implied int., 37 continuous, 0 domain fixed)
   348 nonzeros

Src: B => Branching; C => Central rounding; F => Feasibility pump; J => Feasibility jump;
     H => Heuristic; L => Sub-MIP; P => Empty MIP; R => Randomized rounding; Z => ZI Round;
     I => Shifting; S => Solve LP; T => Evaluate node; U => Unbounded; X => User solution;
     z => Trivial zero; l => Trivial lower; u => Trivial upper; p => Trivial point

        Nodes      |    B&B Tree     |            Objective Bounds              |  Dynamic Constraints |       Work      
Src  Proc. InQueue |  Leaves   Expl. | BestBound       BestSol              Gap |   Cuts   InLp Confl. | LpIters     Time

         0       0         0   0.00%   7.449           -inf                 inf        0      0      0         0     0.0s
 R       0       0         0   0.00%   6.654239007     6.629944486        0.37%        0      0      0        37     0.0s
 C       0       0         0   0.00%   6.648857512     6.636645523        0.18%       30      5      0        42     0.0s
 L       0       0         0   0.00%   6.648857512     6.646217293        0.04%       30      5      0        42     0.0s

33.3% inactive integer columns, restarting
Model after restart has 42 rows, 36 cols (1 bin., 7 int., 0 impl., 28 cont., 0 dom.fix.), and 189 nonzeros

         0       0         0   0.00%   6.648495779     6.646217293        0.03%        4      0      0        73     0.0s
         0       0         0   0.00%   6.648495779     6.646217293        0.03%        4      4      3        77     0.0s
         3       0         2 100.00%   6.646217293     6.646217293        0.00%        9      4     11       134     0.1s

Solving report
  Status            Optimal
  Primal bound      6.64621729323
  Dual bound        6.64621729323
  Gap               0% (tolerance: 0.01%)
  P-D integral      4.55757182419e-05
  Solution status   feasible
                    6.64621729323 (objective)
                    0 (bound viol.)
                    1.7763568394e-15 (int. viol.)
                    0 (row viol.)
  Timing            0.07 (total)
                    0.00 (presolve)
                    0.00 (solve)
                    0.00 (postsolve)
  Max sub-MIP depth 2
  Nodes             3
  Repair LPs        0 (0 feasible; 0 iterations)
  LP iterations     134 (total)
                    15 (strong br.)
                    7 (separation)
                    62 (heuristics)
