MIP  has 68 rows; 54 cols; 376 nonzeros; 16 integer variables (4 binary)
Coefficient ranges:
  Matrix [8e-04, 2e+01]
  Cost   [1e+00, 1e+00]
  Bound  [1e+00, 2e+01]
  RHS    [5e-01, 2e+01]
Presolving model
68 rows, 53 cols, 376 nonzeros  0s
68 rows, 53 cols, 376 nonzeros  0s

Solving MIP model with:
   68 rows
   53 cols (4 binary, 12 integer, 0 implied int., 37 continuous, 0 domain fixed)
   376 nonzeros

Src: B => Branching; C => Central rounding; F => Feasibility pump; J => Feasibility jump;
     H => Heuristic; L => Sub-MIP; P => Empty MIP; R => Randomized rounding; Z => ZI Round;
     I => Shifting; S => Solve LP; T => Evaluate node; U => Unbounded; X => User solution;
     z => Trivial zero; l => Trivial lower; u => Trivial upper; p => Trivial point

        Nodes      |    B&B Tree     |            Objective Bounds              |  Dynamic Constraints |       Work      
Src  Proc. InQueue |  Leaves   Expl. | BestBound       BestSol              Gap |   Cuts   InLp Confl. | LpIters     Time

         0       0         0   0.00%   7.729           -inf                 inf        0      0      0         0     0.0s
         0       0         0   0.00%   6.496303767     -inf                 inf        0      0      3        35     0.0s
 R       0       0         0   0.00%   6.459992437     6.0309             7.11%       57     11      5        50     0.0s
 L       0       0         0   0.00%   6.353500475     6.311888722        0.66%      175     32     15        78     0.1s
         1       0         1 100.00%   6.353500475     6.311888722        0.66%      175     32     15        92     0.1s

Solving report
  Status            Optimal
  Primal bound      6.3118887218
  Dual bound        6.35350047531
  Gap               0.659% (tolerance: 5%)
  P-D integral      0.00245007979293
  Solution status   feasible
                    6.3118887218 (objective)
                    0 (bound viol.)
                    0 (int. viol.)
                    0 (row viol.)
  Timing            0.06 (total)
                    0.00 (presolve)
                    0.00 (solve)
                    0.00 (postsolve)
  Max sub-MIP depth 1
  Nodes             1
  Repair LPs        0 (0 feasible; 0 iterations)
  LP iterations     92 (total)
                    0 (strong br.)
                    43 (separation)
                    14 (heuristics)
