MIP  has 68 rows; 54 cols; 376 nonzeros; 16 integer variables (4 binary)
Coefficient ranges:
  Matrix [8e-04, 2e+01]
  Cost   [1e+00, 1e+00]
  Bound  [1e+00, 2e+01]
  RHS    [9e-02, 2e+01]
Presolving model
68 rows, 53 cols, 376 nonzeros  0s
68 rows, 53 cols, 376 nonzeros  0s

Solving MIP model with:
   68 rows
   53 cols (4 binary, 12 integer, 0 implied int., 37 continuous)
   376 nonzeros

Src: B => Branching; C => Central rounding; F => Feasibility pump; H => Heuristic; L => Sub-MIP;
     P => Empty MIP; R => Randomized rounding; S => Solve LP; T => Evaluate node; U => Unbounded;
     z => Trivial zero; l => Trivial lower; u => Trivial upper; p => Trivial point; X => User solution

        Nodes      |    B&B Tree     |            Objective Bounds              |  Dynamic Constraints |       Work      
Src  Proc. InQueue |  Leaves   Expl. | BestBound       BestSol              Gap |   Cuts   InLp Confl. | LpIters     Time

         0       0         0   0.00%   7.729           -inf                 inf        0      0      0         0     0.0s
         0       0         0   0.00%   3.38962963      -inf                 inf        0      0      1        61     0.0s
 L       0       0         0   0.00%   1.5400013       1.54               0.00%       88     12     19       102     0.0s
         1       0         1 100.00%   1.5400013       1.54               0.00%       70     12     19       110     0.0s

Solving report
  Status            Optimal
  Primal bound      1.54
  Dual bound        1.5400013
  Gap               8.4e-05% (tolerance: 0.1%)
  P-D integral      2.36363618045e-10
  Solution status   feasible
                    1.54 (objective)
                    0 (bound viol.)
                    0 (int. viol.)
                    0 (row viol.)
  Timing            0.01 (total)
                    0.00 (presolve)
                    0.00 (solve)
                    0.00 (postsolve)
  Max sub-MIP depth 1
  Nodes             1
  Repair LPs        0 (0 feasible; 0 iterations)
  LP iterations     110 (total)
                    0 (strong br.)
                    35 (separation)
                    7 (heuristics)
