MIP  has 68 rows; 53 cols; 348 nonzeros; 16 integer variables (4 binary)
Coefficient ranges:
  Matrix [8e-04, 2e+01]
  Cost   [1e+00, 1e+00]
  Bound  [1e+00, 2e+01]
  RHS    [9e-01, 2e+01]
Presolving model
49 rows, 29 cols, 252 nonzeros  0s
Presolve: Infeasible

Src: B => Branching; C => Central rounding; F => Feasibility pump; J => Feasibility jump;
     H => Heuristic; L => Sub-MIP; P => Empty MIP; R => Randomized rounding; Z => ZI Round;
     I => Shifting; S => Solve LP; T => Evaluate node; U => Unbounded; X => User solution;
     z => Trivial zero; l => Trivial lower; u => Trivial upper; p => Trivial point

        Nodes      |    B&B Tree     |            Objective Bounds              |  Dynamic Constraints |       Work      
Src  Proc. InQueue |  Leaves   Expl. | BestBound       BestSol              Gap |   Cuts   InLp Confl. | LpIters     Time

         0       0         0   0.00%   inf             -inf                 inf        0      0      0         0     0.0s

Solving report
  Status            Infeasible
  Primal bound      -inf
  Dual bound        inf
  Gap               0% (tolerance: 0.01%)
  P-D integral      0
  Solution status   -
  Timing            0.00 (total)
                    0.00 (presolve)
                    0.00 (solve)
                    0.00 (postsolve)
  Max sub-MIP depth 0
  Nodes             0
  Repair LPs        0 (0 feasible; 0 iterations)
  LP iterations     0 (total)
                    0 (strong br.)
                    0 (separation)
                    0 (heuristics)
