MIP  has 68 rows; 54 cols; 391 nonzeros; 16 integer variables (4 binary)
Coefficient ranges:
  Matrix [8e-04, 2e+01]
  Cost   [1e+00, 1e+00]
  Bound  [1e+00, 2e+01]
  RHS    [9e-01, 2e+01]
Presolving model
53 rows, 53 cols, 241 nonzeros  0s
50 rows, 50 cols, 226 nonzeros  0s

Solving MIP model with:
   50 rows
   50 cols (4 binary, 12 integer, 0 implied int., 34 continuous)
   226 nonzeros

Src: B => Branching; C => Central rounding; F => Feasibility pump; H => Heuristic; L => Sub-MIP;
     P => Empty MIP; R => Randomized rounding; S => Solve LP; T => Evaluate node; U => Unbounded;
     z => Trivial zero; l => Trivial lower; u => Trivial upper; p => Trivial point; X => User solution

        Nodes      |    B&B Tree     |            Objective Bounds              |  Dynamic Constraints |       Work      
Src  Proc. InQueue |  Leaves   Expl. | BestBound       BestSol              Gap |   Cuts   InLp Confl. | LpIters     Time

         0       0         0   0.00%   7.449           -inf                 inf        0      0      0         0     0.0s
         0       0         0   0.00%   6.646448721     -inf                 inf        0      0      0        40     0.0s
 R       0       0         0   0.00%   6.641027009     6.469062087        2.66%       44      6      2        46     0.0s
         1       0         1 100.00%   6.641027009     6.469062087        2.66%       44      6      2        46     0.0s

Solving report
  Status            Optimal
  Primal bound      6.46906208704
  Dual bound        6.64102700919
  Gap               2.66% (tolerance: 5%)
  P-D integral      3.80663747651e-06
  Solution status   feasible
                    6.46906208704 (objective)
                    0 (bound viol.)
                    0 (int. viol.)
                    0 (row viol.)
  Timing            0.00 (total)
                    0.00 (presolve)
                    0.00 (solve)
                    0.00 (postsolve)
  Max sub-MIP depth 0
  Nodes             1
  Repair LPs        0 (0 feasible; 0 iterations)
  LP iterations     46 (total)
                    0 (strong br.)
                    6 (separation)
                    0 (heuristics)
