MIP  has 68 rows; 54 cols; 376 nonzeros; 16 integer variables (4 binary)
Coefficient ranges:
  Matrix [8e-04, 2e+01]
  Cost   [1e+00, 1e+00]
  Bound  [1e+00, 2e+01]
  RHS    [9e-02, 2e+01]
Presolving model
68 rows, 53 cols, 376 nonzeros  0s
68 rows, 53 cols, 376 nonzeros  0s

Solving MIP model with:
   68 rows
   53 cols (4 binary, 12 integer, 0 implied int., 37 continuous)
   376 nonzeros

Src: B => Branching; C => Central rounding; F => Feasibility pump; H => Heuristic; L => Sub-MIP;
     P => Empty MIP; R => Randomized rounding; S => Solve LP; T => Evaluate node; U => Unbounded;
     z => Trivial zero; l => Trivial lower; u => Trivial upper; p => Trivial point; X => User solution

        Nodes      |    B&B Tree     |            Objective Bounds              |  Dynamic Constraints |       Work      
Src  Proc. InQueue |  Leaves   Expl. | BestBound       BestSol              Gap |   Cuts   InLp Confl. | LpIters     Time

         0       0         0   0.00%   7.729           -inf                 inf        0      0      0         0     0.0s
         0       0         0   0.00%   6.337944256     -inf                 inf        0      0      0        56     0.0s
 H       0       0         0   0.00%   6.058105116     5.922604637        2.29%      273     36     21       130     0.0s
 L       0       0         0   0.00%   6.058105116     5.953117794        1.76%      276     36     23       130     0.0s

50.0% inactive integer columns, restarting
         0       0         0 100.00%   5.953117794     5.953117794        0.00%        1     38      0       203     0.0s

Solving report
  Status            Optimal
  Primal bound      5.95311779449
  Dual bound        5.95311779449
  Gap               0% (tolerance: 0.1%)
  P-D integral      6.61509735034e-05
  Solution status   feasible
                    5.95311779449 (objective)
                    0 (bound viol.)
                    0 (int. viol.)
                    0 (row viol.)
  Timing            0.02 (total)
                    0.00 (presolve)
                    0.00 (solve)
                    0.00 (postsolve)
  Max sub-MIP depth 1
  Nodes             0
  Repair LPs        0 (0 feasible; 0 iterations)
  LP iterations     203 (total)
                    0 (strong br.)
                    88 (separation)
                    59 (heuristics)
