MIP  has 35 rows; 49 cols; 170 nonzeros; 12 integer variables (0 binary)
Coefficient ranges:
  Matrix [7e-03, 4e+00]
  Cost   [1e+00, 1e+00]
  Bound  [1e+00, 2e+01]
  RHS    [8e+00, 2e+01]
Presolving model
23 rows, 25 cols, 146 nonzeros  0s
23 rows, 25 cols, 146 nonzeros  0s

Solving MIP model with:
   23 rows
   25 cols (0 binary, 12 integer, 0 implied int., 13 continuous, 0 domain fixed)
   146 nonzeros

Src: B => Branching; C => Central rounding; F => Feasibility pump; J => Feasibility jump;
     H => Heuristic; L => Sub-MIP; P => Empty MIP; R => Randomized rounding; Z => ZI Round;
     I => Shifting; S => Solve LP; T => Evaluate node; U => Unbounded; X => User solution;
     z => Trivial zero; l => Trivial lower; u => Trivial upper; p => Trivial point

        Nodes      |    B&B Tree     |            Objective Bounds              |  Dynamic Constraints |       Work      
Src  Proc. InQueue |  Leaves   Expl. | BestBound       BestSol              Gap |   Cuts   InLp Confl. | LpIters     Time

 J       0       0         0   0.00%   inf             -0                 Large        0      0      0         0     0.0s
 R       0       0         0   0.00%   9               8.660333333        3.92%        0      0      0         6     0.0s
 C       0       0         0   0.00%   9               8.859              1.59%       33      8      0        18     0.0s
 L       0       0         0   0.00%   9               9                  0.00%       62     16      0        29     0.1s
         1       0         1 100.00%   9               9                  0.00%       62     16      0        29     0.1s

Solving report
  Status            Optimal
  Primal bound      9
  Dual bound        9
  Gap               0% (tolerance: 0.01%)
  P-D integral      0.00090136742195
  Solution status   feasible
                    9 (objective)
                    0 (bound viol.)
                    0 (int. viol.)
                    0 (row viol.)
  Timing            0.08 (total)
                    0.00 (presolve)
                    0.00 (solve)
                    0.00 (postsolve)
  Max sub-MIP depth 1
  Nodes             1
  Repair LPs        0 (0 feasible; 0 iterations)
  LP iterations     29 (total)
                    0 (strong br.)
                    22 (separation)
                    0 (heuristics)
