MIP  has 68 rows; 54 cols; 376 nonzeros; 16 integer variables (4 binary)
Coefficient ranges:
  Matrix [8e-04, 2e+01]
  Cost   [1e+00, 1e+00]
  Bound  [1e+00, 2e+01]
  RHS    [8e-01, 2e+01]
Presolving model
68 rows, 53 cols, 376 nonzeros  0s
68 rows, 53 cols, 376 nonzeros  0s

Solving MIP model with:
   68 rows
   53 cols (4 binary, 12 integer, 0 implied int., 37 continuous)
   376 nonzeros

Src: B => Branching; C => Central rounding; F => Feasibility pump; H => Heuristic; L => Sub-MIP;
     P => Empty MIP; R => Randomized rounding; S => Solve LP; T => Evaluate node; U => Unbounded;
     z => Trivial zero; l => Trivial lower; u => Trivial upper; p => Trivial point; X => User solution

        Nodes      |    B&B Tree     |            Objective Bounds              |  Dynamic Constraints |       Work      
Src  Proc. InQueue |  Leaves   Expl. | BestBound       BestSol              Gap |   Cuts   InLp Confl. | LpIters     Time

         0       0         0   0.00%   7.729           -inf                 inf        0      0      0         0     0.0s
 R       0       0         0   0.00%   3.697777778     2.63              40.60%        0      0      0        33     0.0s
 C       0       0         0   0.00%   3.681222222     3.635              1.27%       98     23      0        59     0.0s
 L       0       0         0   0.00%   3.681222222     3.644              1.02%      152     33      0        69     0.0s

6.2% inactive integer columns, restarting
Model after restart has 66 rows, 52 cols (3 bin., 12 int., 1 impl., 36 cont.), and 369 nonzeros

         0       0         0   0.00%   3.681222222     3.644              1.02%       13      0      0        80     0.0s
         0       0         0   0.00%   3.681222222     3.644              1.02%       13      9      0        95     0.0s
 L       0       0         0   0.00%   3.677041449     3.6575             0.53%      119     23      0       130     0.0s

6.7% inactive integer columns, restarting
Model after restart has 60 rows, 46 cols (3 bin., 10 int., 0 impl., 33 cont.), and 311 nonzeros

         0       0         0   0.00%   3.677041449     3.6575             0.53%        8      0      0       132     0.0s
         0       0         0   0.00%   3.677041449     3.6575             0.53%        8      6      0       156     0.0s
 L       0       0         0   0.00%   3.677041449     3.6575             0.53%       49      8      0       178     0.1s
 B       8       0         2  25.00%   3.677041449     3.66               0.47%       53      8      8       332     0.1s
        10       0         2 100.00%   3.661538462     3.66               0.04%       54      8      8       349     0.1s

Solving report
  Status            Optimal
  Primal bound      3.66
  Dual bound        3.66153846154
  Gap               0.042% (tolerance: 0.1%)
  P-D integral      0.00227861271795
  Solution status   feasible
                    3.66 (objective)
                    0 (bound viol.)
                    8.881784197e-15 (int. viol.)
                    0 (row viol.)
  Timing            0.06 (total)
                    0.00 (presolve)
                    0.00 (solve)
                    0.00 (postsolve)
  Max sub-MIP depth 1
  Nodes             10
  Repair LPs        0 (0 feasible; 0 iterations)
  LP iterations     349 (total)
                    60 (strong br.)
                    92 (separation)
                    86 (heuristics)
