MIP  has 68 rows; 54 cols; 376 nonzeros; 16 integer variables (4 binary)
Coefficient ranges:
  Matrix [8e-04, 2e+01]
  Cost   [1e+00, 1e+03]
  Bound  [1e+00, 2e+01]
  RHS    [9e-02, 2e+01]
Presolving model
68 rows, 53 cols, 376 nonzeros  0s
68 rows, 53 cols, 376 nonzeros  0s

Solving MIP model with:
   68 rows
   53 cols (4 binary, 12 integer, 0 implied int., 37 continuous, 0 domain fixed)
   376 nonzeros

Src: B => Branching; C => Central rounding; F => Feasibility pump; J => Feasibility jump;
     H => Heuristic; L => Sub-MIP; P => Empty MIP; R => Randomized rounding; Z => ZI Round;
     I => Shifting; S => Solve LP; T => Evaluate node; U => Unbounded; X => User solution;
     z => Trivial zero; l => Trivial lower; u => Trivial upper; p => Trivial point

        Nodes      |    B&B Tree     |            Objective Bounds              |  Dynamic Constraints |       Work      
Src  Proc. InQueue |  Leaves   Expl. | BestBound       BestSol              Gap |   Cuts   InLp Confl. | LpIters     Time

         0       0         0   0.00%   7.785           -inf                 inf        0      0      0         0     0.0s
         0       0         0   0.00%   3.38962963      -inf                 inf        0      0      1        48     0.0s
 H       0       0         0   0.00%   1.5400013       1.54               0.00%       82     13     26        88     0.0s
 H       0       0         0   0.00%   1.5400013       1.54               0.00%       82     13     26        88     0.0s
         1       0         1 100.00%   1.54            1.54               0.00%       64     13     35       145     0.0s

Solving report
  Status            Optimal
  Primal bound      1.54
  Dual bound        1.54
  Gap               0% (tolerance: 5%)
  P-D integral      8.39006494342e-10
  Solution status   feasible
                    1.54 (objective)
                    0 (bound viol.)
                    8.881784197e-16 (int. viol.)
                    0 (row viol.)
  Timing            0.02 (total)
                    0.00 (presolve)
                    0.00 (solve)
                    0.00 (postsolve)
  Max sub-MIP depth 0
  Nodes             1
  Repair LPs        0 (0 feasible; 0 iterations)
  LP iterations     145 (total)
                    0 (strong br.)
                    34 (separation)
                    57 (heuristics)
